<?xml version="1.0" encoding="UTF-8"?>
<!-- Generated by org.testng.reporters.JUnitReportReporter -->
<testsuite hostname="DESKTOP-45GRQD0" failures="0" tests="2" name="parallelExecution.googleParallelExecution" time="28.737" errors="0" timestamp="2023-10-11T16:52:40 IST" skipped="0">
  <testcase classname="parallelExecution.googleParallelExecution" name="lunchFacebook" time="16.736"/>
  <testcase classname="parallelExecution.googleParallelExecution" name="lunchgoogle" time="12.001"/>
</testsuite> <!-- parallelExecution.googleParallelExecution -->
