<?xml version="1.0" encoding="UTF-8"?>
<!-- Generated by org.testng.reporters.JUnitReportReporter -->
<testsuite hostname="DESKTOP-45GRQD0" failures="0" tests="1" name="gitPractiseProject.WindowsAndTabDiff" time="14.121" errors="0" timestamp="2023-10-07T08:37:23 IST" skipped="0">
  <testcase classname="gitPractiseProject.WindowsAndTabDiff" name="windowTest" time="14.121"/>
</testsuite> <!-- gitPractiseProject.WindowsAndTabDiff -->
