<?xml version="1.0" encoding="UTF-8"?>
<!-- Generated by org.testng.reporters.JUnitReportReporter -->
<testsuite hostname="DESKTOP-45GRQD0" failures="0" tests="1" name="gitPractiseProject.TabTest" time="16.523" errors="0" timestamp="2023-10-09T07:30:11 IST" skipped="0">
  <testcase classname="gitPractiseProject.TabTest" name="verifyTab" time="16.523"/>
</testsuite> <!-- gitPractiseProject.TabTest -->
